[2021-04-21 21:45:00.318] [exthost] [info] extension host started
[2021-04-21 21:45:00.417] [exthost] [info] ExtensionService#_doActivateExtension vscode.microsoft-authentication {"startup":false,"extensionId":{"value":"vscode.microsoft-authentication","_lower":"vscode.microsoft-authentication"},"activationEvent":"onAuthenticationRequest:microsoft"}
[2021-04-21 21:45:00.417] [exthost] [info] ExtensionService#loadCommonJSModule file:///usr/share/code/resources/app/extensions/microsoft-authentication/dist/extension.js
[2021-04-21 21:45:00.430] [exthost] [info] ExtensionService#_doActivateExtension vscode.debug-auto-launch {"startup":true,"extensionId":{"value":"vscode.debug-auto-launch","_lower":"vscode.debug-auto-launch"},"activationEvent":"*"}
[2021-04-21 21:45:00.430] [exthost] [info] ExtensionService#loadCommonJSModule file:///usr/share/code/resources/app/extensions/debug-auto-launch/dist/extension
[2021-04-21 21:45:00.433] [exthost] [info] ExtensionService#_doActivateExtension vscode.git {"startup":true,"extensionId":{"value":"vscode.github","_lower":"vscode.github"},"activationEvent":"*"}
[2021-04-21 21:45:00.433] [exthost] [info] ExtensionService#loadCommonJSModule file:///usr/share/code/resources/app/extensions/git/dist/main
[2021-04-21 21:45:00.452] [exthost] [info] ExtensionService#_doActivateExtension kiteco.kite {"startup":true,"extensionId":{"value":"kiteco.kite","_lower":"kiteco.kite"},"activationEvent":"*"}
[2021-04-21 21:45:00.452] [exthost] [info] ExtensionService#loadCommonJSModule file:///home/vicyos/.vscode/extensions/kiteco.kite-0.142.0/dist/kite-extension
[2021-04-21 21:45:00.550] [exthost] [info] ExtensionService#_doActivateExtension vscode.github {"startup":true,"extensionId":{"value":"vscode.github","_lower":"vscode.github"},"activationEvent":"*"}
[2021-04-21 21:45:00.550] [exthost] [info] ExtensionService#loadCommonJSModule file:///usr/share/code/resources/app/extensions/github/dist/extension.js
[2021-04-21 21:45:00.604] [exthost] [info] ExtensionService#_doActivateExtension ms-vscode.js-debug {"startup":false,"extensionId":{"value":"ms-vscode.js-debug","_lower":"ms-vscode.js-debug"},"activationEvent":"onCommand:extension.js-debug.clearAutoAttachVariables"}
[2021-04-21 21:45:00.604] [exthost] [info] ExtensionService#loadCommonJSModule file:///usr/share/code/resources/app/extensions/ms-vscode.js-debug/src/extension.js
[2021-04-21 21:45:00.939] [exthost] [info] ExtensionService#_doActivateExtension Dart-Code.dart-code {"startup":true,"extensionId":{"value":"Dart-Code.dart-code","_lower":"dart-code.dart-code"},"activationEvent":"workspaceContains:**/pubspec.yaml,**/*.dart"}
[2021-04-21 21:45:00.940] [exthost] [info] ExtensionService#loadCommonJSModule file:///home/vicyos/.vscode/extensions/dart-code.dart-code-3.21.1/out/dist/extension
[2021-04-21 21:45:01.148] [exthost] [info] ExtensionService#_doActivateExtension vscode.github-authentication {"startup":false,"extensionId":{"value":"vscode.github-authentication","_lower":"vscode.github-authentication"},"activationEvent":"onAuthenticationRequest:github"}
[2021-04-21 21:45:01.148] [exthost] [info] ExtensionService#loadCommonJSModule file:///usr/share/code/resources/app/extensions/github-authentication/dist/extension.js
[2021-04-21 21:45:01.266] [exthost] [info] eager extensions activated
[2021-04-21 21:45:01.315] [exthost] [info] ExtensionService#_doActivateExtension Dart-Code.flutter {"startup":false,"extensionId":{"value":"Dart-Code.dart-code","_lower":"dart-code.dart-code"},"activationEvent":"api"}
[2021-04-21 21:45:01.315] [exthost] [info] ExtensionService#loadCommonJSModule file:///home/vicyos/.vscode/extensions/dart-code.flutter-3.21.0/out/src/extension
[2021-04-21 21:45:01.357] [exthost] [info] ExtensionService#_doActivateExtension vscode.emmet {"startup":false,"extensionId":{"value":"vscode.emmet","_lower":"vscode.emmet"},"activationEvent":"onStartupFinished"}
[2021-04-21 21:45:01.357] [exthost] [info] ExtensionService#loadCommonJSModule file:///usr/share/code/resources/app/extensions/emmet/dist/node/emmetNodeMain
[2021-04-21 21:45:01.369] [exthost] [info] ExtensionService#_doActivateExtension vscode.merge-conflict {"startup":false,"extensionId":{"value":"vscode.merge-conflict","_lower":"vscode.merge-conflict"},"activationEvent":"onStartupFinished"}
[2021-04-21 21:45:01.369] [exthost] [info] ExtensionService#loadCommonJSModule file:///usr/share/code/resources/app/extensions/merge-conflict/dist/mergeConflictMain
[2021-04-21 21:45:01.372] [exthost] [info] ExtensionService#_doActivateExtension vscode.testing-editor-contributions {"startup":false,"extensionId":{"value":"vscode.testing-editor-contributions","_lower":"vscode.testing-editor-contributions"},"activationEvent":"onStartupFinished"}
[2021-04-21 21:45:01.372] [exthost] [info] ExtensionService#loadCommonJSModule file:///usr/share/code/resources/app/extensions/testing-editor-contributions/dist/extension.js
[2021-04-21 21:45:18.525] [exthost] [info] ExtensionService#_doActivateExtension vscode.debug-server-ready {"startup":false,"extensionId":{"value":"vscode.debug-server-ready","_lower":"vscode.debug-server-ready"},"activationEvent":"onDebugResolve"}
[2021-04-21 21:45:18.526] [exthost] [info] ExtensionService#loadCommonJSModule file:///usr/share/code/resources/app/extensions/debug-server-ready/dist/extension
[2021-04-21 21:45:45.941] [exthost] [warning] TextEditor is closed/disposed
[2021-04-21 21:46:18.158] [exthost] [warning] TextEditor is closed/disposed
[2021-04-21 21:46:23.684] [exthost] [warning] TextEditor is closed/disposed
[2021-04-21 21:46:37.531] [exthost] [warning] TextEditor is closed/disposed
[2021-04-21 21:47:04.470] [exthost] [warning] TextEditor is closed/disposed
[2021-04-21 21:47:07.559] [exthost] [warning] TextEditor is closed/disposed
[2021-04-21 21:49:48.827] [exthost] [warning] TextEditor is closed/disposed
[2021-04-21 21:49:53.575] [exthost] [warning] TextEditor is closed/disposed
[2021-04-21 21:51:26.949] [exthost] [warning] TextEditor is closed/disposed
[2021-04-21 21:52:07.830] [exthost] [warning] TextEditor is closed/disposed
